[35m[1mScanning dependencies of target _moro_navigation_msgs_generate_messages_check_deps_PlanPath[0m
[  0%] Built target _moro_navigation_msgs_generate_messages_check_deps_PlanPath
[35m[1mScanning dependencies of target geometry_msgs_generate_messages_cpp[0m
[  0%] Built target geometry_msgs_generate_messages_cpp
[35m[1mScanning dependencies of target trajectory_msgs_generate_messages_cpp[0m
[  0%] Built target trajectory_msgs_generate_messages_cpp
[35m[1mScanning dependencies of target geometry_msgs_generate_messages_py[0m
[  0%] Built target geometry_msgs_generate_messages_py
[35m[1mScanning dependencies of target trajectory_msgs_generate_messages_py[0m
[  0%] Built target trajectory_msgs_generate_messages_py
[35m[1mScanning dependencies of target trajectory_msgs_generate_messages_nodejs[0m
[  0%] Built target trajectory_msgs_generate_messages_nodejs
[35m[1mScanning dependencies of target geometry_msgs_generate_messages_nodejs[0m
[  0%] Built target geometry_msgs_generate_messages_nodejs
[35m[1mScanning dependencies of target geometry_msgs_generate_messages_lisp[0m
[  0%] Built target geometry_msgs_generate_messages_lisp
[35m[1mScanning dependencies of target trajectory_msgs_generate_messages_lisp[0m
[  0%] Built target trajectory_msgs_generate_messages_lisp
[35m[1mScanning dependencies of target geometry_msgs_generate_messages_eus[0m
[  0%] Built target geometry_msgs_generate_messages_eus
[35m[1mScanning dependencies of target trajectory_msgs_generate_messages_eus[0m
[  0%] Built target trajectory_msgs_generate_messages_eus
[35m[1mScanning dependencies of target moro_navigation_msgs_generate_messages_cpp[0m
[ 14%] [34m[1mGenerating C++ code from moro_navigation_msgs/PlanPath.srv[0m
[ 14%] Built target moro_navigation_msgs_generate_messages_cpp
[35m[1mScanning dependencies of target moro_navigation_msgs_generate_messages_py[0m
[ 28%] [34m[1mGenerating Python code from SRV moro_navigation_msgs/PlanPath[0m
[ 42%] [34m[1mGenerating Python srv __init__.py for moro_navigation_msgs[0m
[ 42%] Built target moro_navigation_msgs_generate_messages_py
[35m[1mScanning dependencies of target moro_navigation_msgs_generate_messages_nodejs[0m
[ 57%] [34m[1mGenerating Javascript code from moro_navigation_msgs/PlanPath.srv[0m
[ 57%] Built target moro_navigation_msgs_generate_messages_nodejs
[35m[1mScanning dependencies of target moro_navigation_msgs_generate_messages_lisp[0m
[ 71%] [34m[1mGenerating Lisp code from moro_navigation_msgs/PlanPath.srv[0m
[ 71%] Built target moro_navigation_msgs_generate_messages_lisp
[35m[1mScanning dependencies of target moro_navigation_msgs_generate_messages_eus[0m
[ 85%] [34m[1mGenerating EusLisp code from moro_navigation_msgs/PlanPath.srv[0m
[100%] [34m[1mGenerating EusLisp manifest code for moro_navigation_msgs[0m
[100%] Built target moro_navigation_msgs_generate_messages_eus
[35m[1mScanning dependencies of target moro_navigation_msgs_generate_messages[0m
[100%] Built target moro_navigation_msgs_generate_messages
