Linked: (/home/ros/catkin_ws/devel/.private/moro_navigation_msgs/include/moro_navigation_msgs/PlanPathResponse.h, /home/ros/catkin_ws/devel/include/moro_navigation_msgs/PlanPathResponse.h)
Linked: (/home/ros/catkin_ws/devel/.private/moro_navigation_msgs/include/moro_navigation_msgs/PlanPathRequest.h, /home/ros/catkin_ws/devel/include/moro_navigation_msgs/PlanPathRequest.h)
Linked: (/home/ros/catkin_ws/devel/.private/moro_navigation_msgs/include/moro_navigation_msgs/PlanPath.h, /home/ros/catkin_ws/devel/include/moro_navigation_msgs/PlanPath.h)
Linked: (/home/ros/catkin_ws/devel/.private/moro_navigation_msgs/share/moro_navigation_msgs/cmake/moro_navigation_msgs-msg-paths.cmake, /home/ros/catkin_ws/devel/share/moro_navigation_msgs/cmake/moro_navigation_msgs-msg-paths.cmake)
Linked: (/home/ros/catkin_ws/devel/.private/moro_navigation_msgs/share/moro_navigation_msgs/cmake/moro_navigation_msgs-msg-extras.cmake, /home/ros/catkin_ws/devel/share/moro_navigation_msgs/cmake/moro_navigation_msgs-msg-extras.cmake)
Linked: (/home/ros/catkin_ws/devel/.private/moro_navigation_msgs/share/moro_navigation_msgs/cmake/moro_navigation_msgsConfig-version.cmake, /home/ros/catkin_ws/devel/share/moro_navigation_msgs/cmake/moro_navigation_msgsConfig-version.cmake)
Linked: (/home/ros/catkin_ws/devel/.private/moro_navigation_msgs/share/moro_navigation_msgs/cmake/moro_navigation_msgsConfig.cmake, /home/ros/catkin_ws/devel/share/moro_navigation_msgs/cmake/moro_navigation_msgsConfig.cmake)
Linked: (/home/ros/catkin_ws/devel/.private/moro_navigation_msgs/share/gennodejs/ros/moro_navigation_msgs/_index.js, /home/ros/catkin_ws/devel/share/gennodejs/ros/moro_navigation_msgs/_index.js)
Linked: (/home/ros/catkin_ws/devel/.private/moro_navigation_msgs/share/gennodejs/ros/moro_navigation_msgs/srv/PlanPath.js, /home/ros/catkin_ws/devel/share/gennodejs/ros/moro_navigation_msgs/srv/PlanPath.js)
Linked: (/home/ros/catkin_ws/devel/.private/moro_navigation_msgs/share/gennodejs/ros/moro_navigation_msgs/srv/_index.js, /home/ros/catkin_ws/devel/share/gennodejs/ros/moro_navigation_msgs/srv/_index.js)
Linked: (/home/ros/catkin_ws/devel/.private/moro_navigation_msgs/share/roseus/ros/moro_navigation_msgs/manifest.l, /home/ros/catkin_ws/devel/share/roseus/ros/moro_navigation_msgs/manifest.l)
Linked: (/home/ros/catkin_ws/devel/.private/moro_navigation_msgs/share/roseus/ros/moro_navigation_msgs/srv/PlanPath.l, /home/ros/catkin_ws/devel/share/roseus/ros/moro_navigation_msgs/srv/PlanPath.l)
Linked: (/home/ros/catkin_ws/devel/.private/moro_navigation_msgs/share/common-lisp/ros/moro_navigation_msgs/srv/moro_navigation_msgs-srv.asd, /home/ros/catkin_ws/devel/share/common-lisp/ros/moro_navigation_msgs/srv/moro_navigation_msgs-srv.asd)
Linked: (/home/ros/catkin_ws/devel/.private/moro_navigation_msgs/share/common-lisp/ros/moro_navigation_msgs/srv/_package.lisp, /home/ros/catkin_ws/devel/share/common-lisp/ros/moro_navigation_msgs/srv/_package.lisp)
Linked: (/home/ros/catkin_ws/devel/.private/moro_navigation_msgs/share/common-lisp/ros/moro_navigation_msgs/srv/PlanPath.lisp, /home/ros/catkin_ws/devel/share/common-lisp/ros/moro_navigation_msgs/srv/PlanPath.lisp)
Linked: (/home/ros/catkin_ws/devel/.private/moro_navigation_msgs/share/common-lisp/ros/moro_navigation_msgs/srv/_package_PlanPath.lisp, /home/ros/catkin_ws/devel/share/common-lisp/ros/moro_navigation_msgs/srv/_package_PlanPath.lisp)
Linked: (/home/ros/catkin_ws/devel/.private/moro_navigation_msgs/lib/pkgconfig/moro_navigation_msgs.pc, /home/ros/catkin_ws/devel/lib/pkgconfig/moro_navigation_msgs.pc)
Linked: (/home/ros/catkin_ws/devel/.private/moro_navigation_msgs/lib/python2.7/dist-packages/moro_navigation_msgs/__init__.py, /home/ros/catkin_ws/devel/lib/python2.7/dist-packages/moro_navigation_msgs/__init__.py)
Linked: (/home/ros/catkin_ws/devel/.private/moro_navigation_msgs/lib/python2.7/dist-packages/moro_navigation_msgs/srv/__init__.py, /home/ros/catkin_ws/devel/lib/python2.7/dist-packages/moro_navigation_msgs/srv/__init__.py)
Linked: (/home/ros/catkin_ws/devel/.private/moro_navigation_msgs/lib/python2.7/dist-packages/moro_navigation_msgs/srv/_PlanPath.py, /home/ros/catkin_ws/devel/lib/python2.7/dist-packages/moro_navigation_msgs/srv/_PlanPath.py)
