Symlinking /home/ros/catkin_ws/devel/include/moro_navigation_msgs/PlanPathResponse.h
Symlinking /home/ros/catkin_ws/devel/include/moro_navigation_msgs/PlanPathRequest.h
Symlinking /home/ros/catkin_ws/devel/include/moro_navigation_msgs/PlanPath.h
Symlinking /home/ros/catkin_ws/devel/share/moro_navigation_msgs/cmake/moro_navigation_msgs-msg-paths.cmake
Symlinking /home/ros/catkin_ws/devel/share/moro_navigation_msgs/cmake/moro_navigation_msgs-msg-extras.cmake
Symlinking /home/ros/catkin_ws/devel/share/moro_navigation_msgs/cmake/moro_navigation_msgsConfig-version.cmake
Symlinking /home/ros/catkin_ws/devel/share/moro_navigation_msgs/cmake/moro_navigation_msgsConfig.cmake
Symlinking /home/ros/catkin_ws/devel/share/gennodejs/ros/moro_navigation_msgs/_index.js
Symlinking /home/ros/catkin_ws/devel/share/gennodejs/ros/moro_navigation_msgs/srv/PlanPath.js
Symlinking /home/ros/catkin_ws/devel/share/gennodejs/ros/moro_navigation_msgs/srv/_index.js
Symlinking /home/ros/catkin_ws/devel/share/roseus/ros/moro_navigation_msgs/manifest.l
Symlinking /home/ros/catkin_ws/devel/share/roseus/ros/moro_navigation_msgs/srv/PlanPath.l
Symlinking /home/ros/catkin_ws/devel/share/common-lisp/ros/moro_navigation_msgs/srv/moro_navigation_msgs-srv.asd
Symlinking /home/ros/catkin_ws/devel/share/common-lisp/ros/moro_navigation_msgs/srv/_package.lisp
Symlinking /home/ros/catkin_ws/devel/share/common-lisp/ros/moro_navigation_msgs/srv/PlanPath.lisp
Symlinking /home/ros/catkin_ws/devel/share/common-lisp/ros/moro_navigation_msgs/srv/_package_PlanPath.lisp
Symlinking /home/ros/catkin_ws/devel/lib/pkgconfig/moro_navigation_msgs.pc
Symlinking /home/ros/catkin_ws/devel/lib/python2.7/dist-packages/moro_navigation_msgs/__init__.py
Symlinking /home/ros/catkin_ws/devel/lib/python2.7/dist-packages/moro_navigation_msgs/srv/__init__.py
Symlinking /home/ros/catkin_ws/devel/lib/python2.7/dist-packages/moro_navigation_msgs/srv/_PlanPath.py
