Determining if the pthread_create exist failed with the following output:
Change Dir: /home/ros/catkin_ws/build/moro_simulator/CMakeFiles/CMakeTmp

Run Build Command:"/usr/bin/make" "cmTC_d794d/fast"
/usr/bin/make -f CMakeFiles/cmTC_d794d.dir/build.make CMakeFiles/cmTC_d794d.dir/build
make[1]: Entering directory '/home/ros/catkin_ws/build/moro_simulator/CMakeFiles/CMakeTmp'
Building C object CMakeFiles/cmTC_d794d.dir/CheckSymbolExists.c.o
/usr/bin/cc     -o CMakeFiles/cmTC_d794d.dir/CheckSymbolExists.c.o   -c /home/ros/catkin_ws/build/moro_simulator/CMakeFiles/CMakeTmp/CheckSymbolExists.c
Linking C executable cmTC_d794d
/usr/bin/cmake -E cmake_link_script CMakeFiles/cmTC_d794d.dir/link.txt --verbose=1
/usr/bin/cc       CMakeFiles/cmTC_d794d.dir/CheckSymbolExists.c.o  -o cmTC_d794d -rdynamic 
CMakeFiles/cmTC_d794d.dir/CheckSymbolExists.c.o: In function `main':
CheckSymbolExists.c:(.text+0x16): undefined reference to `pthread_create'
collect2: error: ld returned 1 exit status
CMakeFiles/cmTC_d794d.dir/build.make:97: recipe for target 'cmTC_d794d' failed
make[1]: *** [cmTC_d794d] Error 1
make[1]: Leaving directory '/home/ros/catkin_ws/build/moro_simulator/CMakeFiles/CMakeTmp'
Makefile:126: recipe for target 'cmTC_d794d/fast' failed
make: *** [cmTC_d794d/fast] Error 2

File /home/ros/catkin_ws/build/moro_simulator/CMakeFiles/CMakeTmp/CheckSymbolExists.c:
/* */
#include <pthread.h>

int main(int argc, char** argv)
{
  (void)argv;
#ifndef pthread_create
  return ((int*)(&pthread_create))[argc];
#else
  (void)argc;
  return 0;
#endif
}

Determining if the function pthread_create exists in the pthreads failed with the following output:
Change Dir: /home/ros/catkin_ws/build/moro_simulator/CMakeFiles/CMakeTmp

Run Build Command:"/usr/bin/make" "cmTC_e0e73/fast"
/usr/bin/make -f CMakeFiles/cmTC_e0e73.dir/build.make CMakeFiles/cmTC_e0e73.dir/build
make[1]: Entering directory '/home/ros/catkin_ws/build/moro_simulator/CMakeFiles/CMakeTmp'
Building C object CMakeFiles/cmTC_e0e73.dir/CheckFunctionExists.c.o
/usr/bin/cc    -DCHECK_FUNCTION_EXISTS=pthread_create   -o CMakeFiles/cmTC_e0e73.dir/CheckFunctionExists.c.o   -c /usr/share/cmake-3.5/Modules/CheckFunctionExists.c
Linking C executable cmTC_e0e73
/usr/bin/cmake -E cmake_link_script CMakeFiles/cmTC_e0e73.dir/link.txt --verbose=1
/usr/bin/cc   -DCHECK_FUNCTION_EXISTS=pthread_create    CMakeFiles/cmTC_e0e73.dir/CheckFunctionExists.c.o  -o cmTC_e0e73 -rdynamic -lpthreads 
/usr/bin/ld: cannot find -lpthreads
collect2: error: ld returned 1 exit status
CMakeFiles/cmTC_e0e73.dir/build.make:97: recipe for target 'cmTC_e0e73' failed
make[1]: *** [cmTC_e0e73] Error 1
make[1]: Leaving directory '/home/ros/catkin_ws/build/moro_simulator/CMakeFiles/CMakeTmp'
Makefile:126: recipe for target 'cmTC_e0e73/fast' failed
make: *** [cmTC_e0e73/fast] Error 2


