[  9%] [34m[1mAutomatic moc for target marker_rviz_plugin[0m
[  9%] Built target marker_rviz_plugin_automoc
[  9%] Built target marker_msgs_generate_messages_eus
[  9%] Built target marker_msgs_generate_messages_cpp
[  9%] Built target nav_msgs_generate_messages_nodejs
[  9%] Built target nav_msgs_generate_messages_lisp
[  9%] Built target nav_msgs_generate_messages_eus
[  9%] Built target map_msgs_generate_messages_nodejs
[  9%] Built target map_msgs_generate_messages_eus
[  9%] Built target visualization_msgs_generate_messages_py
[  9%] Built target visualization_msgs_generate_messages_nodejs
[  9%] Built target visualization_msgs_generate_messages_lisp
[  9%] Built target map_msgs_generate_messages_cpp
[  9%] Built target visualization_msgs_generate_messages_eus
[  9%] Built target nav_msgs_generate_messages_cpp
[  9%] Built target visualization_msgs_generate_messages_cpp
[  9%] Built target tf2_msgs_generate_messages_nodejs
[  9%] Built target tf2_msgs_generate_messages_lisp
[  9%] Built target map_msgs_generate_messages_py
[  9%] Built target tf2_msgs_generate_messages_eus
[  9%] Built target std_msgs_generate_messages_eus
[  9%] Built target roscpp_generate_messages_lisp
[  9%] Built target geometry_msgs_generate_messages_eus
[  9%] Built target roscpp_generate_messages_cpp
[  9%] Built target actionlib_msgs_generate_messages_py
[  9%] Built target nav_msgs_generate_messages_py
[  9%] Built target std_msgs_generate_messages_py
[  9%] Built target rosgraph_msgs_generate_messages_lisp
[  9%] Built target marker_msgs_generate_messages_nodejs
[  9%] Built target roscpp_generate_messages_nodejs
[  9%] Built target tf_generate_messages_eus
[  9%] Built target rosgraph_msgs_generate_messages_nodejs
[  9%] Built target rosgraph_msgs_generate_messages_cpp
[  9%] Built target tf2_msgs_generate_messages_cpp
[  9%] Built target std_msgs_generate_messages_lisp
[  9%] Built target geometry_msgs_generate_messages_lisp
[  9%] Built target roscpp_generate_messages_eus
[  9%] Built target geometry_msgs_generate_messages_cpp
[  9%] Built target sensor_msgs_generate_messages_nodejs
[  9%] Built target geometry_msgs_generate_messages_nodejs
[  9%] Built target rosgraph_msgs_generate_messages_eus
[  9%] Built target tf_generate_messages_cpp
[  9%] Built target actionlib_generate_messages_eus
[  9%] Built target std_msgs_generate_messages_nodejs
[  9%] Built target geometry_msgs_generate_messages_py
[  9%] Built target sensor_msgs_generate_messages_cpp
[  9%] Built target sensor_msgs_generate_messages_lisp
[  9%] Built target rosgraph_msgs_generate_messages_py
[  9%] Built target tf_generate_messages_lisp
[  9%] Built target roscpp_generate_messages_py
[  9%] Built target tf_generate_messages_nodejs
[  9%] Built target map_msgs_generate_messages_lisp
[  9%] Built target tf_generate_messages_py
[  9%] Built target marker_msgs_generate_messages_py
[  9%] Built target sensor_msgs_generate_messages_py
[  9%] Built target actionlib_generate_messages_cpp
[  9%] Built target marker_msgs_generate_messages_lisp
[  9%] Built target tf2_msgs_generate_messages_py
[  9%] Built target actionlib_msgs_generate_messages_nodejs
[  9%] Built target actionlib_msgs_generate_messages_eus
[  9%] Built target actionlib_generate_messages_lisp
[  9%] Built target actionlib_msgs_generate_messages_cpp
[  9%] Built target std_msgs_generate_messages_cpp
[  9%] Built target sensor_msgs_generate_messages_eus
[  9%] Built target actionlib_generate_messages_nodejs
[  9%] Built target actionlib_generate_messages_py
[  9%] Built target actionlib_msgs_generate_messages_lisp
[100%] Built target marker_rviz_plugin
