Determining if the pthread_create exist failed with the following output:
Change Dir: /home/ros/catkin_ws/build/moro_localization/CMakeFiles/CMakeTmp

Run Build Command:"/usr/bin/make" "cmTC_02aee/fast"
/usr/bin/make -f CMakeFiles/cmTC_02aee.dir/build.make CMakeFiles/cmTC_02aee.dir/build
make[1]: Entering directory '/home/ros/catkin_ws/build/moro_localization/CMakeFiles/CMakeTmp'
Building C object CMakeFiles/cmTC_02aee.dir/CheckSymbolExists.c.o
/usr/bin/cc     -o CMakeFiles/cmTC_02aee.dir/CheckSymbolExists.c.o   -c /home/ros/catkin_ws/build/moro_localization/CMakeFiles/CMakeTmp/CheckSymbolExists.c
Linking C executable cmTC_02aee
/usr/bin/cmake -E cmake_link_script CMakeFiles/cmTC_02aee.dir/link.txt --verbose=1
/usr/bin/cc       CMakeFiles/cmTC_02aee.dir/CheckSymbolExists.c.o  -o cmTC_02aee -rdynamic 
CMakeFiles/cmTC_02aee.dir/CheckSymbolExists.c.o: In function `main':
CheckSymbolExists.c:(.text+0x16): undefined reference to `pthread_create'
collect2: error: ld returned 1 exit status
CMakeFiles/cmTC_02aee.dir/build.make:97: recipe for target 'cmTC_02aee' failed
make[1]: *** [cmTC_02aee] Error 1
make[1]: Leaving directory '/home/ros/catkin_ws/build/moro_localization/CMakeFiles/CMakeTmp'
Makefile:126: recipe for target 'cmTC_02aee/fast' failed
make: *** [cmTC_02aee/fast] Error 2

File /home/ros/catkin_ws/build/moro_localization/CMakeFiles/CMakeTmp/CheckSymbolExists.c:
/* */
#include <pthread.h>

int main(int argc, char** argv)
{
  (void)argv;
#ifndef pthread_create
  return ((int*)(&pthread_create))[argc];
#else
  (void)argc;
  return 0;
#endif
}

Determining if the function pthread_create exists in the pthreads failed with the following output:
Change Dir: /home/ros/catkin_ws/build/moro_localization/CMakeFiles/CMakeTmp

Run Build Command:"/usr/bin/make" "cmTC_9dfef/fast"
/usr/bin/make -f CMakeFiles/cmTC_9dfef.dir/build.make CMakeFiles/cmTC_9dfef.dir/build
make[1]: Entering directory '/home/ros/catkin_ws/build/moro_localization/CMakeFiles/CMakeTmp'
Building C object CMakeFiles/cmTC_9dfef.dir/CheckFunctionExists.c.o
/usr/bin/cc    -DCHECK_FUNCTION_EXISTS=pthread_create   -o CMakeFiles/cmTC_9dfef.dir/CheckFunctionExists.c.o   -c /usr/share/cmake-3.5/Modules/CheckFunctionExists.c
Linking C executable cmTC_9dfef
/usr/bin/cmake -E cmake_link_script CMakeFiles/cmTC_9dfef.dir/link.txt --verbose=1
/usr/bin/cc   -DCHECK_FUNCTION_EXISTS=pthread_create    CMakeFiles/cmTC_9dfef.dir/CheckFunctionExists.c.o  -o cmTC_9dfef -rdynamic -lpthreads 
/usr/bin/ld: cannot find -lpthreads
collect2: error: ld returned 1 exit status
CMakeFiles/cmTC_9dfef.dir/build.make:97: recipe for target 'cmTC_9dfef' failed
make[1]: *** [cmTC_9dfef] Error 1
make[1]: Leaving directory '/home/ros/catkin_ws/build/moro_localization/CMakeFiles/CMakeTmp'
Makefile:126: recipe for target 'cmTC_9dfef/fast' failed
make: *** [cmTC_9dfef/fast] Error 2


